INFO-
INFO-		Unigraphics Version NX V11.0 to AutoCAD 2004
INFO-		
INFO-
INFO-		Running UGTODXF Translator .....
INFO-
INFO-		Start of Translation: Wed Jun 12 00:06:35 2019
INFO-
STATUS-		Converting D:\ME433\jab0741_ME433_2019\HW13_14\HW13_Side1_v1.prt
STATUS-
SUMMARY-
SUMMARY-	Summary of Unigraphics Input Entities
SUMMARY-	For Unigraphics File: D:\ME433\jab0741_ME433_2019\HW13_14\HW13_Side1_v1.prt
SUMMARY-	------------------------------------------------------------------
SUMMARY-	Entity Type					Count
SUMMARY-	------------------------------------------------------------------
SUMMARY-	Line .....................................:	27
SUMMARY-	Point ....................................:	1
SUMMARY-	Circle ...................................:	2
SUMMARY-	------------------------------------------------------------------
SUMMARY-	Total ....................................:	30
SUMMARY-	------------------------------------------------------------------
SUMMARY-
STATUS-
INFO-
INFO-		Writing File: D:\ME433\jab0741_ME433_2019\HW13_14\HW13_Side1_v1.prt.dxf
SUMMARY-	Summary of AutoCAD Output Entities
SUMMARY-	------------------------------------------------------------------
SUMMARY-	Entity Type					Count
SUMMARY-	------------------------------------------------------------------
SUMMARY-	Circle ...................................:	2
SUMMARY-	Point ....................................:	1
SUMMARY-	Line .....................................:	27
SUMMARY-	Layout ...................................:	6
SUMMARY-	------------------------------------------------------------------
SUMMARY-	Total ....................................:	36
SUMMARY-	------------------------------------------------------------------
SUMMARY-
INFO-
INFO-		End of Translation: Wed Jun 12 00:06:35 2019
INFO-		Translation CPU time: 0 m, 0 sINFO-
