INFO-
INFO-		Unigraphics Version NX V11.0 to AutoCAD 2004
INFO-		
INFO-
INFO-		Running UGTODXF Translator .....
INFO-
INFO-		Start of Translation: Tue Jun 11 23:47:08 2019
INFO-
STATUS-		Converting D:\ME433\jab0741_ME433_2019\HW13_14\HW13_Side1_v1.prt
STATUS-
SUMMARY-
SUMMARY-	Summary of Unigraphics Input Entities
SUMMARY-	For Unigraphics File: D:\ME433\jab0741_ME433_2019\HW13_14\HW13_Side1_v1.prt
SUMMARY-	------------------------------------------------------------------
SUMMARY-	Entity Type					Count
SUMMARY-	------------------------------------------------------------------
SUMMARY-	Line .....................................:	99
SUMMARY-	Point ....................................:	1
SUMMARY-	Circle ...................................:	6
SUMMARY-	Solid Edges............................:	76
SUMMARY-	------------------------------------------------------------------
SUMMARY-	Total ....................................:	182
SUMMARY-	------------------------------------------------------------------
SUMMARY-
STATUS-
INFO-
INFO-		Writing File: D:\ME433\jab0741_ME433_2019\HW13_14\side1.dxf
SUMMARY-	Summary of AutoCAD Output Entities
SUMMARY-	------------------------------------------------------------------
SUMMARY-	Entity Type					Count
SUMMARY-	------------------------------------------------------------------
SUMMARY-	Circle ...................................:	6
SUMMARY-	Point ....................................:	1
SUMMARY-	Line .....................................:	99
SUMMARY-	Layout ...................................:	6
SUMMARY-	------------------------------------------------------------------
SUMMARY-	Total ....................................:	112
SUMMARY-	------------------------------------------------------------------
SUMMARY-
INFO-
INFO-		End of Translation: Tue Jun 11 23:47:09 2019
INFO-		Translation CPU time: 0 m, 2 sINFO-
