INFO-
INFO-		Unigraphics Version NX V11.0 to AutoCAD 2004
INFO-		
INFO-
INFO-		Running UGTODXF Translator .....
INFO-
INFO-		Start of Translation: Wed Jun 12 00:06:20 2019
INFO-
STATUS-		Converting D:\ME433\jab0741_ME433_2019\HW13_14\box_bottom_v1.prt
STATUS-
SUMMARY-
SUMMARY-	Summary of Unigraphics Input Entities
SUMMARY-	For Unigraphics File: D:\ME433\jab0741_ME433_2019\HW13_14\box_bottom_v1.prt
SUMMARY-	------------------------------------------------------------------
SUMMARY-	Entity Type					Count
SUMMARY-	------------------------------------------------------------------
SUMMARY-	Line .....................................:	38
SUMMARY-	Point ....................................:	4
SUMMARY-	------------------------------------------------------------------
SUMMARY-	Total ....................................:	42
SUMMARY-	------------------------------------------------------------------
SUMMARY-
STATUS-
INFO-
INFO-		Writing File: D:\ME433\jab0741_ME433_2019\HW13_14\box_bottom_v1.prt.dxf
SUMMARY-	Summary of AutoCAD Output Entities
SUMMARY-	------------------------------------------------------------------
SUMMARY-	Entity Type					Count
SUMMARY-	------------------------------------------------------------------
SUMMARY-	Point ....................................:	4
SUMMARY-	Line .....................................:	38
SUMMARY-	Layout ...................................:	6
SUMMARY-	------------------------------------------------------------------
SUMMARY-	Total ....................................:	48
SUMMARY-	------------------------------------------------------------------
SUMMARY-
INFO-
INFO-		End of Translation: Wed Jun 12 00:06:20 2019
INFO-		Translation CPU time: 0 m, 0 sINFO-
